<?xml version="1.0" encoding="UTF-8"?>
<!-- Generated by org.testng.reporters.JUnitXMLReporter -->
<testsuite ignored="0" hostname="DESKTOP-3R5TTIF" failures="0" tests="3" name="Default test" time="79.365" errors="0" timestamp="2025-12-24T13:21:39 IST">
  <testcase classname="organizationModule.OrgScenariosTest" name="OrgWithIndAndTypeTest" time="16.989"/>
  <testcase classname="organizationModule.OrgScenariosTest" name="createOrgTest" time="19.599"/>
  <testcase classname="organizationModule.OrgScenariosTest" name="createOrgWithPhnoTest" time="16.971"/>
</testsuite> <!-- Default test -->
