<?xml version="1.0" encoding="UTF-8"?>
<!-- Generated by org.testng.reporters.JUnitXMLReporter -->
<testsuite ignored="8" hostname="DESKTOP-3R5TTIF" failures="0" tests="2" name="Test" time="116.742" errors="0" timestamp="2025-12-26T13:10:33 IST">
  <testcase classname="contactModule.ContactScenariosTest" name="createConTest" time="56.373"/>
  <testcase classname="organizationModule.OrgScenariosTest" name="createOrgTest" time="17.402"/>
  <testcase classname="contactModule.ContactScenariosTest" name="conWithSuppDateTest" time="0.0">
    <ignored/>
  </testcase> <!-- conWithSuppDateTest -->
  <testcase classname="organizationModule.OrgScenariosTest" name="OrgWithIndAndTypeTest" time="0.0">
    <ignored/>
  </testcase> <!-- OrgWithIndAndTypeTest -->
  <testcase classname="BaseClassUtility.BaseClass" name="@AfterSuite disconnectWithDatabase" time="0.0">
    <ignored/>
  </testcase> <!-- @AfterSuite disconnectWithDatabase -->
  <testcase classname="organizationModule.OrgScenariosTest" name="createOrgWithPhnoTest" time="0.0">
    <ignored/>
  </testcase> <!-- createOrgWithPhnoTest -->
  <testcase classname="BaseClassUtility.BaseClass" name="@BeforeSuite connectToDatabase" time="0.0">
    <ignored/>
  </testcase> <!-- @BeforeSuite connectToDatabase -->
  <testcase classname="BaseClassUtility.BaseClass" name="@BeforeTest configParallelExe" time="0.0">
    <ignored/>
  </testcase> <!-- @BeforeTest configParallelExe -->
  <testcase classname="contactModule.ContactScenariosTest" name="conWithOrgTest" time="0.0">
    <ignored/>
  </testcase> <!-- conWithOrgTest -->
  <testcase classname="BaseClassUtility.BaseClass" name="@AfterTest closeParallelExe" time="0.0">
    <ignored/>
  </testcase> <!-- @AfterTest closeParallelExe -->
</testsuite> <!-- Test -->
