<?xml version="1.0" encoding="UTF-8"?>
<testng-results ignored="0" total="2" passed="2" failed="0" skipped="0">
  <reporter-output>
    <line>
      <![CDATA[Suite Execution started -Adv report configuration]]>
    </line>
    <line>
      <![CDATA[Get connection with the Database]]>
    </line>
    <line>
      <![CDATA[Configuration of parallel execution]]>
    </line>
    <line>
      <![CDATA[Launch the browser]]>
    </line>
    <line>
      <![CDATA[Login to the application]]>
    </line>
    <line>
      <![CDATA[createConTest : Test Execution Started]]>
    </line>
    <line>
      <![CDATA[createConTest : Test Execution Success]]>
    </line>
    <line>
      <![CDATA[Logout from the application]]>
    </line>
    <line>
      <![CDATA[Quit the Browser]]>
    </line>
    <line>
      <![CDATA[Launch the browser]]>
    </line>
    <line>
      <![CDATA[Login to the application]]>
    </line>
    <line>
      <![CDATA[createOrgTest : Test Execution Started]]>
    </line>
    <line>
      <![CDATA[createOrgTest : Test Execution Success]]>
    </line>
    <line>
      <![CDATA[Logout from the application]]>
    </line>
    <line>
      <![CDATA[Quit the Browser]]>
    </line>
    <line>
      <![CDATA[Close Parallel Execution]]>
    </line>
    <line>
      <![CDATA[Disconnect with the Database]]>
    </line>
  </reporter-output>
  <suite started-at="2025-12-26T13:08:37 IST" name="Suite" finished-at="2025-12-26T13:10:33 IST" duration-ms="116742">
    <groups>
      <group name="smoke">
        <method signature="ContactScenariosTest.createConTest()[pri:0, instance:contactModule.ContactScenariosTest@2de23121]" name="createConTest" class="contactModule.ContactScenariosTest"/>
        <method signature="OrgScenariosTest.createOrgTest()[pri:0, instance:organizationModule.OrgScenariosTest@bccb269]" name="createOrgTest" class="organizationModule.OrgScenariosTest"/>
      </group> <!-- smoke -->
    </groups>
    <test started-at="2025-12-26T13:08:37 IST" name="Test" finished-at="2025-12-26T13:10:33 IST" duration-ms="116742">
      <class name="contactModule.ContactScenariosTest">
        <test-method is-config="true" signature="connectToDatabase()[pri:0, instance:contactModule.ContactScenariosTest@2de23121]" started-at="2025-12-26T13:08:36 IST" name="connectToDatabase" finished-at="2025-12-26T13:08:37 IST" duration-ms="525" status="PASS">
          <reporter-output>
            <line>
              <![CDATA[Get connection with the Database]]>
            </line>
          </reporter-output>
        </test-method> <!-- connectToDatabase -->
        <test-method is-config="true" signature="configParallelExe()[pri:0, instance:contactModule.ContactScenariosTest@2de23121]" started-at="2025-12-26T13:08:37 IST" name="configParallelExe" finished-at="2025-12-26T13:08:37 IST" duration-ms="1" status="PASS">
          <reporter-output>
            <line>
              <![CDATA[Configuration of parallel execution]]>
            </line>
          </reporter-output>
        </test-method> <!-- configParallelExe -->
        <test-method is-config="true" signature="launchTheBrowser()[pri:0, instance:contactModule.ContactScenariosTest@2de23121]" started-at="2025-12-26T13:08:37 IST" name="launchTheBrowser" finished-at="2025-12-26T13:08:38 IST" duration-ms="1459" status="PASS">
          <reporter-output>
            <line>
              <![CDATA[Launch the browser]]>
            </line>
          </reporter-output>
        </test-method> <!-- launchTheBrowser -->
        <test-method is-config="true" signature="login()[pri:0, instance:contactModule.ContactScenariosTest@2de23121]" started-at="2025-12-26T13:08:38 IST" name="login" finished-at="2025-12-26T13:09:02 IST" duration-ms="23458" status="PASS">
          <reporter-output>
            <line>
              <![CDATA[Login to the application]]>
            </line>
          </reporter-output>
        </test-method> <!-- login -->
        <test-method signature="createConTest()[pri:0, instance:contactModule.ContactScenariosTest@2de23121]" started-at="2025-12-26T13:09:02 IST" name="createConTest" finished-at="2025-12-26T13:09:58 IST" duration-ms="56373" status="PASS">
          <reporter-output>
            <line>
              <![CDATA[createConTest : Test Execution Started]]>
            </line>
            <line>
              <![CDATA[createConTest : Test Execution Success]]>
            </line>
          </reporter-output>
        </test-method> <!-- createConTest -->
        <test-method is-config="true" signature="logout()[pri:0, instance:contactModule.ContactScenariosTest@2de23121]" started-at="2025-12-26T13:09:58 IST" name="logout" finished-at="2025-12-26T13:10:04 IST" duration-ms="6277" status="PASS">
          <reporter-output>
            <line>
              <![CDATA[Logout from the application]]>
            </line>
          </reporter-output>
        </test-method> <!-- logout -->
        <test-method is-config="true" signature="quitTheBrowser()[pri:0, instance:contactModule.ContactScenariosTest@2de23121]" started-at="2025-12-26T13:10:04 IST" name="quitTheBrowser" finished-at="2025-12-26T13:10:05 IST" duration-ms="251" status="PASS">
          <reporter-output>
            <line>
              <![CDATA[Quit the Browser]]>
            </line>
          </reporter-output>
        </test-method> <!-- quitTheBrowser -->
        <test-method is-config="true" signature="closeParallelExe()[pri:0, instance:contactModule.ContactScenariosTest@2de23121]" started-at="2025-12-26T13:10:33 IST" name="closeParallelExe" finished-at="2025-12-26T13:10:33 IST" duration-ms="1" status="PASS">
          <reporter-output>
            <line>
              <![CDATA[Close Parallel Execution]]>
            </line>
          </reporter-output>
        </test-method> <!-- closeParallelExe -->
        <test-method is-config="true" signature="disconnectWithDatabase()[pri:0, instance:contactModule.ContactScenariosTest@2de23121]" started-at="2025-12-26T13:10:33 IST" name="disconnectWithDatabase" finished-at="2025-12-26T13:10:33 IST" duration-ms="8" status="PASS">
          <reporter-output>
            <line>
              <![CDATA[Disconnect with the Database]]>
            </line>
          </reporter-output>
        </test-method> <!-- disconnectWithDatabase -->
      </class> <!-- contactModule.ContactScenariosTest -->
      <class name="organizationModule.OrgScenariosTest">
        <test-method is-config="true" signature="launchTheBrowser()[pri:0, instance:organizationModule.OrgScenariosTest@bccb269]" started-at="2025-12-26T13:10:05 IST" name="launchTheBrowser" finished-at="2025-12-26T13:10:06 IST" duration-ms="1566" status="PASS">
          <reporter-output>
            <line>
              <![CDATA[Launch the browser]]>
            </line>
          </reporter-output>
        </test-method> <!-- launchTheBrowser -->
        <test-method is-config="true" signature="login()[pri:0, instance:organizationModule.OrgScenariosTest@bccb269]" started-at="2025-12-26T13:10:06 IST" name="login" finished-at="2025-12-26T13:10:11 IST" duration-ms="4384" status="PASS">
          <reporter-output>
            <line>
              <![CDATA[Login to the application]]>
            </line>
          </reporter-output>
        </test-method> <!-- login -->
        <test-method signature="createOrgTest()[pri:0, instance:organizationModule.OrgScenariosTest@bccb269]" started-at="2025-12-26T13:10:11 IST" name="createOrgTest" finished-at="2025-12-26T13:10:28 IST" duration-ms="17402" status="PASS">
          <reporter-output>
            <line>
              <![CDATA[createOrgTest : Test Execution Started]]>
            </line>
            <line>
              <![CDATA[createOrgTest : Test Execution Success]]>
            </line>
          </reporter-output>
        </test-method> <!-- createOrgTest -->
        <test-method is-config="true" signature="logout()[pri:0, instance:organizationModule.OrgScenariosTest@bccb269]" started-at="2025-12-26T13:10:28 IST" name="logout" finished-at="2025-12-26T13:10:33 IST" duration-ms="5268" status="PASS">
          <reporter-output>
            <line>
              <![CDATA[Logout from the application]]>
            </line>
          </reporter-output>
        </test-method> <!-- logout -->
        <test-method is-config="true" signature="quitTheBrowser()[pri:0, instance:organizationModule.OrgScenariosTest@bccb269]" started-at="2025-12-26T13:10:33 IST" name="quitTheBrowser" finished-at="2025-12-26T13:10:33 IST" duration-ms="245" status="PASS">
          <reporter-output>
            <line>
              <![CDATA[Quit the Browser]]>
            </line>
          </reporter-output>
        </test-method> <!-- quitTheBrowser -->
      </class> <!-- organizationModule.OrgScenariosTest -->
    </test> <!-- Test -->
  </suite> <!-- Suite -->
</testng-results>
